"blank"			"=========================="
"blank"			"#Valve_Movement_Title"
"blank"			"=========================="
"+forward"				"#Valve_Move_Forward"
"+back"					"#Valve_Move_Back"
"+moveleft"				"#Valve_Move_Left"
"+moveright"			"#Valve_Move_Right"
"blank"			"=========================="
"blank"			"#Valve_Combat_Title"
"blank"			"=========================="
"+attack"				"#Valve_Primary_Attack"
"+attack2"				"#Valve_Secondary_Attack"
"+attack3"				"Tertiary Attack"
//"phys_swap"				"#Valve_Gravity_Gun"
"slot1"					"#Valve_Weapon_Category_1"
"slot2"					"#Valve_Weapon_Category_2"
"slot3" 				"#Valve_Weapon_Category_3"
"slot4"					"#Valve_Weapon_Category_4"
"slot5"					"#Valve_Weapon_Category_5"
"slot6"					"#Valve_Weapon_Category_6"
"blank"				"=========================="
"blank"				"ZM"
"blank"				"=========================="
"zm_observermode"		"Toggle RTS Mode (free-look)"
"+moveup"				"Go Up"
"+movedown"				"Go Down"
"zm_vision"				"Toggle Vision"
"zm_cmd_selectall"		"Select All Zombies"
"zm_cmd_delete"			"Delete Selected Zombies"
"zm_hiddenspawn"		"Hidden Spawn"
"+zm_cmd_ctrl"			"Control"
"blank"				"=========================="
"blank"				"Survivor"
"blank"				"=========================="
"+duck"					"#Valve_Duck"
"+jump"					"#Valve_Jump"
"+use"					"#Valve_Use_Items"
"+reload"				"#Valve_Reload_Weapon"
"impulse 100"			"#Valve_Flashlight"
"invnext"				"#Valve_Next_Weapon"
"invprev"				"#Valve_Previous_Weapon"
"lastinv"				"#Valve_Last_Weapon_Used"
"impulse 201"			"#Valve_Spray_Logo"
"dropweapon"			"Drop Weapon"
"dropammo"				"Drop Ammo"
"+zm_voicemenu"			"Voice Menu"
"kill"					"Suicide"
"blank"				"=========================="
"blank"				"Spectator"
"blank"				"=========================="
"zm_observezombie"		"Observe Zombie/Random Spectator Target"
"blank"				"=========================="
"blank"				"Misc. Commands"
"blank"				"=========================="
"zm_showmaptext"		"Show Map Info/Objectives"
"Vote Option1"			"Vote Yes"
"Vote Option2"			"Vote No"
"blank"			"=========================="
"blank"			"#Valve_Communication_Title"
"blank"			"=========================="
"+voicerecord"			"#Valve_Use_Voice_Communication"
"messagemode"			"#Valve_Chat_Message"
"messagemode2"			"#Valve_Team_Message"
"blank"			"=========================="
"blank"			"#Valve_Miscellaneous_Title"
"blank"			"=========================="
"toggleconsole"			"Toggle Console" // This is better here.
"jpeg"					"#Valve_Take_Screen_Shot"
"+showscores"			"#Valve_Display_Scores"
"pause"					"#Valve_Pause_Game"
"quit"					"#Valve_Quit_Game"
//"timeleft"				"Time Left in Round"
"askconnect_accept"	"#Valve_Accept_Redirect"
"blank"			"=========================="
"blank"			"#Valve_Miscellaneous_Keyboard_Keys_Title"
"blank"			"=========================="
"+left"					"#Valve_Turn_Left"
"+right"				"#Valve_Turn_Right"
"+lookup"				"#Valve_Look_Up"
"+lookdown"				"#Valve_Look_Down"
"+strafe"				"#Valve_Strafe_Modifier"
"+klook"				"#Valve_Keyboard_Look_Modifier"

